{
  "RSpec": {
    "coverage": {
      "/Users/gabrielnaoto/Downloads/cgtrader_levels_2021/lib/cgtrader_levels.rb": {
        "lines": [
          1,
          null,
          1,
          1,
          1,
          null
        ]
      },
      "/Users/gabrielnaoto/Downloads/cgtrader_levels_2021/spec/models/user_spec.rb": {
        "lines": [
          1,
          null,
          1,
          1,
          1,
          1,
          1,
          null,
          null,
          1,
          1,
          1,
          null,
          1,
          null,
          null,
          null,
          1,
          1,
          1,
          1,
          1,
          null,
          1,
          1,
          2,
          null,
          null,
          1,
          1,
          1,
          1,
          1,
          null,
          1,
          1,
          2,
          null,
          null,
          null,
          1,
          1,
          1,
          null,
          1,
          1,
          1,
          null,
          1,
          1,
          2,
          null,
          null,
          1,
          1,
          1,
          1,
          null,
          1,
          null,
          1,
          1,
          2,
          null,
          null,
          null
        ]
      },
      "/Users/gabrielnaoto/Downloads/cgtrader_levels_2021/lib/cgtrader_levels/models/user.rb": {
        "lines": [
          1,
          null,
          1,
          1,
          null,
          1,
          1,
          null,
          1,
          14,
          null,
          null,
          1,
          null,
          1,
          4,
          null,
          4,
          null,
          null,
          1,
          10,
          null,
          10,
          9,
          null,
          9,
          null,
          null,
          null,
          1,
          9,
          1,
          null,
          null,
          9,
          1,
          null,
          null,
          null
        ]
      },
      "/Users/gabrielnaoto/Downloads/cgtrader_levels_2021/lib/cgtrader_levels/models/level.rb": {
        "lines": [
          1,
          null,
          1,
          1,
          14,
          null,
          null,
          null,
          null,
          1,
          14,
          null,
          14,
          6,
          null,
          null,
          null,
          null,
          null,
          8,
          null,
          null
        ]
      }
    },
    "timestamp": 1614987384
  }
}
