{
  "RSpec": {
    "coverage": {
      "/Users/gabrielnaoto/Downloads/cgtrader_levels_2021/lib/cgtrader_levels.rb": {
        "lines": [
          1,
          null,
          1,
          1,
          1,
          null
        ]
      },
      "/Users/gabrielnaoto/Downloads/cgtrader_levels_2021/spec/models/user_spec.rb": {
        "lines": [
          1,
          null,
          1,
          1,
          1,
          1,
          1,
          null,
          null,
          1,
          1,
          1,
          null,
          1,
          null,
          null,
          null,
          1,
          1,
          1,
          1,
          1,
          null,
          1,
          1,
          2,
          null,
          null,
          1,
          1,
          1,
          1,
          1,
          null,
          1,
          1,
          2,
          null,
          null,
          null,
          1,
          1,
          1,
          null,
          1,
          null,
          1,
          1,
          2,
          null,
          null,
          1,
          null,
          null
        ]
      },
      "/Users/gabrielnaoto/Downloads/cgtrader_levels_2021/lib/cgtrader_levels/models/user.rb": {
        "lines": [
          1,
          null,
          1,
          1,
          null,
          1,
          11,
          null,
          11,
          null,
          11,
          7,
          7,
          null,
          null,
          null,
          1,
          null,
          1,
          null,
          1,
          3,
          null,
          3,
          2,
          2,
          null,
          null,
          null
        ]
      },
      "/Users/gabrielnaoto/Downloads/cgtrader_levels_2021/lib/cgtrader_levels/models/level.rb": {
        "lines": [
          1,
          null,
          1,
          1,
          14,
          null,
          null,
          null,
          null,
          1,
          14,
          null,
          14,
          7,
          null,
          null,
          null,
          null,
          null,
          7,
          null,
          null
        ]
      }
    },
    "timestamp": 1614977147
  }
}
